<?xml version="1.0" encoding="UTF-8"?>
<testng-results ignored="0" total="2" passed="2" failed="0" skipped="0">
  <reporter-output>
  </reporter-output>
  <suite started-at="2025-08-31T15:51:35 IST" name="Default suite" finished-at="2025-08-31T15:53:46 IST" duration-ms="131030">
    <groups>
      <group name="cucumber">
        <method signature="AbstractTestNGCucumberTests.runScenario(io.cucumber.testng.PickleWrapper,io.cucumber.testng.FeatureWrapper)[pri:0, instance:runners.TestRunner@609cd4d8]" name="runScenario" class="io.cucumber.testng.AbstractTestNGCucumberTests"/>
      </group> <!-- cucumber -->
    </groups>
    <test started-at="2025-08-31T15:51:35 IST" name="Default test" finished-at="2025-08-31T15:53:46 IST" duration-ms="131030">
      <class name="runners.TestRunner">
        <test-method is-config="true" signature="setUpClass(org.testng.ITestContext)[pri:0, instance:runners.TestRunner@609cd4d8]" started-at="2025-08-31T15:51:35 IST" name="setUpClass" finished-at="2025-08-31T15:51:37 IST" duration-ms="1345" status="PASS">
          <params>
            <param index="0">
              <value>
                <![CDATA[org.testng.TestRunner@2c48cede]]>
              </value>
            </param>
          </params>
          <reporter-output>
          </reporter-output>
        </test-method> <!-- setUpClass -->
        <test-method signature="runScenario(io.cucumber.testng.PickleWrapper,io.cucumber.testng.FeatureWrapper)[pri:0, instance:runners.TestRunner@609cd4d8]" started-at="2025-08-31T15:51:37 IST" name="runScenario" description="Runs Cucumber Scenarios" data-provider="scenarios" finished-at="2025-08-31T15:52:38 IST" duration-ms="61288" status="PASS">
          <params>
            <param index="0">
              <value>
                <![CDATA["Verify visibility of all login UI elements"]]>
              </value>
            </param>
            <param index="1">
              <value>
                <![CDATA["Login Module Validation"]]>
              </value>
            </param>
          </params>
          <reporter-output>
          </reporter-output>
        </test-method> <!-- runScenario -->
        <test-method signature="runScenario(io.cucumber.testng.PickleWrapper,io.cucumber.testng.FeatureWrapper)[pri:0, instance:runners.TestRunner@609cd4d8]" started-at="2025-08-31T15:52:38 IST" name="runScenario" description="Runs Cucumber Scenarios" data-provider="scenarios" finished-at="2025-08-31T15:53:46 IST" duration-ms="68007" status="PASS">
          <params>
            <param index="0">
              <value>
                <![CDATA["Validate login flow using data from Excel file"]]>
              </value>
            </param>
            <param index="1">
              <value>
                <![CDATA["Login Module Validation"]]>
              </value>
            </param>
          </params>
          <reporter-output>
          </reporter-output>
        </test-method> <!-- runScenario -->
        <test-method is-config="true" signature="tearDownClass()[pri:0, instance:runners.TestRunner@609cd4d8]" started-at="2025-08-31T15:53:46 IST" name="tearDownClass" finished-at="2025-08-31T15:53:46 IST" duration-ms="144" status="PASS">
          <reporter-output>
          </reporter-output>
        </test-method> <!-- tearDownClass -->
      </class> <!-- runners.TestRunner -->
    </test> <!-- Default test -->
  </suite> <!-- Default suite -->
</testng-results>
