<?xml version="1.0" encoding="UTF-8"?>
<testng-results ignored="0" total="2" passed="2" failed="0" skipped="0">
  <reporter-output>
  </reporter-output>
  <suite started-at="2025-08-31T12:14:35 IST" name="Default suite" finished-at="2025-08-31T12:15:22 IST" duration-ms="46982">
    <groups>
      <group name="cucumber">
        <method signature="AbstractTestNGCucumberTests.runScenario(io.cucumber.testng.PickleWrapper,io.cucumber.testng.FeatureWrapper)[pri:0, instance:runners.TestRunner@49e5f737]" name="runScenario" class="io.cucumber.testng.AbstractTestNGCucumberTests"/>
      </group> <!-- cucumber -->
    </groups>
    <test started-at="2025-08-31T12:14:35 IST" name="Default test" finished-at="2025-08-31T12:15:22 IST" duration-ms="46982">
      <class name="runners.TestRunner">
        <test-method is-config="true" signature="setUpClass(org.testng.ITestContext)[pri:0, instance:runners.TestRunner@49e5f737]" started-at="2025-08-31T12:14:35 IST" name="setUpClass" finished-at="2025-08-31T12:14:36 IST" duration-ms="1155" status="PASS">
          <params>
            <param index="0">
              <value>
                <![CDATA[org.testng.TestRunner@7ae590f6]]>
              </value>
            </param>
          </params>
          <reporter-output>
          </reporter-output>
        </test-method> <!-- setUpClass -->
        <test-method signature="runScenario(io.cucumber.testng.PickleWrapper,io.cucumber.testng.FeatureWrapper)[pri:0, instance:runners.TestRunner@49e5f737]" started-at="2025-08-31T12:14:36 IST" name="runScenario" description="Runs Cucumber Scenarios" data-provider="scenarios" finished-at="2025-08-31T12:14:50 IST" duration-ms="13924" status="PASS">
          <params>
            <param index="0">
              <value>
                <![CDATA["Verify visibility of all login UI elements"]]>
              </value>
            </param>
            <param index="1">
              <value>
                <![CDATA["Login Module Validation"]]>
              </value>
            </param>
          </params>
          <reporter-output>
          </reporter-output>
        </test-method> <!-- runScenario -->
        <test-method signature="runScenario(io.cucumber.testng.PickleWrapper,io.cucumber.testng.FeatureWrapper)[pri:0, instance:runners.TestRunner@49e5f737]" started-at="2025-08-31T12:14:50 IST" name="runScenario" description="Runs Cucumber Scenarios" data-provider="scenarios" finished-at="2025-08-31T12:15:22 IST" duration-ms="31746" status="PASS">
          <params>
            <param index="0">
              <value>
                <![CDATA["Validate login flow using data from Excel file"]]>
              </value>
            </param>
            <param index="1">
              <value>
                <![CDATA["Login Module Validation"]]>
              </value>
            </param>
          </params>
          <reporter-output>
          </reporter-output>
        </test-method> <!-- runScenario -->
        <test-method is-config="true" signature="tearDownClass()[pri:0, instance:runners.TestRunner@49e5f737]" started-at="2025-08-31T12:15:22 IST" name="tearDownClass" finished-at="2025-08-31T12:15:22 IST" duration-ms="83" status="PASS">
          <reporter-output>
          </reporter-output>
        </test-method> <!-- tearDownClass -->
      </class> <!-- runners.TestRunner -->
    </test> <!-- Default test -->
  </suite> <!-- Default suite -->
</testng-results>
